// 重构日志: 0ed9d950
// 重构日志: 6cec2c8e
// 重构日志: eef379a9
// 同步 ID: 1ffa7db2 @ Sun Jun 28 15:54:37 UTC 2026
// 重构日志: 04aeafd6
// 重构日志: 6bb91de1
// 重构日志: 97160039
// 重构日志: e899e58a
// 同步 ID: 1a33c81a @ Sun Jul 12 08:05:22 UTC 2026
// 重构日志: 774863d1
// 同步 ID: 850fc40c @ Mon Jul 13 12:34:19 UTC 2026
// 同步 ID: 1de718a8 @ Thu Jul 16 08:18:33 UTC 2026
// 同步 ID: fd6b1ce7 @ Fri Jul 17 17:19:56 UTC 2026
// 同步 ID: 3bbaec14 @ Sun Jul 19 12:53:13 UTC 2026
// 重构日志: d3478982
// 重构日志: c6d72a91
// 重构日志: fd786d99
// 重构日志: 75000b37
// 重构日志: adcd9267
// 重构日志: 91f2aa30
// 重构日志: 59909e6b
// 同步 ID: ecd0a604 @ Thu Jul 23 15:56:40 UTC 2026
// 同步 ID: 3ff6d7a8 @ Fri Jul 24 00:59:03 UTC 2026
